  [1m[36mActiveRecord::SchemaMigration Load (0.3ms)[0m  [1mSELECT "schema_migrations".* FROM "schema_migrations"[0m
  [1m[35mActiveRecord::SchemaMigration Load (0.1ms)[0m  SELECT "schema_migrations".* FROM "schema_migrations"
  [1m[36m (0.2ms)[0m  [1m            SELECT sql
            FROM sqlite_master
            WHERE name='index_users_on_remember_token' AND type='index'
            UNION ALL
            SELECT sql
            FROM sqlite_temp_master
            WHERE name='index_users_on_remember_token' AND type='index'
[0m
  [1m[36mActiveRecord::SchemaMigration Load (0.4ms)[0m  [1mSELECT "schema_migrations".* FROM "schema_migrations"[0m
  [1m[35mActiveRecord::SchemaMigration Load (0.2ms)[0m  SELECT "schema_migrations".* FROM "schema_migrations"
  [1m[36m (0.2ms)[0m  [1m            SELECT sql
            FROM sqlite_master
            WHERE name='index_users_on_remember_token' AND type='index'
            UNION ALL
            SELECT sql
            FROM sqlite_temp_master
            WHERE name='index_users_on_remember_token' AND type='index'
[0m


Started GET "/" for 127.0.0.1 at 2014-08-23 13:57:21 -0700
  [1m[36mActiveRecord::SchemaMigration Load (0.4ms)[0m  [1mSELECT "schema_migrations".* FROM "schema_migrations"[0m
Processing by FrontPagesController#index as HTML
  Rendered front_pages/index.html.erb within layouts/application (14.4ms)
Completed 500 Internal Server Error in 68ms

ActionView::Template::Error (First argument in form cannot contain nil or be empty):
     6: <h2>Subscribe us</h2>
     7: <div>
     8:   <div>
     9:     <%= form_for(@member) do |f| %>
    10: 
    11:       <%= f.label :firstName %>
    12:       <%= f.text_field :firstName %>
  app/views/front_pages/index.html.erb:9:in `_app_views_front_pages_index_html_erb___561997941_87454500'


  Rendered /home/saasbook/.rvm/gems/ruby-2.0.0-p247/gems/actionpack-4.1.3/lib/action_dispatch/middleware/templates/rescues/_trace.html.erb (2.6ms)
  Rendered /home/saasbook/.rvm/gems/ruby-2.0.0-p247/gems/actionpack-4.1.3/lib/action_dispatch/middleware/templates/rescues/_request_and_response.html.erb (1.8ms)
  Rendered /home/saasbook/.rvm/gems/ruby-2.0.0-p247/gems/actionpack-4.1.3/lib/action_dispatch/middleware/templates/rescues/template_error.html.erb within rescues/layout (35.8ms)


Started GET "/" for 127.0.0.1 at 2014-08-23 13:58:37 -0700
Processing by FrontPagesController#index as HTML
  Rendered front_pages/index.html.erb within layouts/application (1.8ms)
Completed 500 Internal Server Error in 6ms

ActionView::Template::Error (First argument in form cannot contain nil or be empty):
     6: <h2>Subscribe us</h2>
     7: <div>
     8:   <div>
     9:     <%= form_for(@member) do |f| %>
    10: 
    11:       <%= f.label :firstName %>
    12:       <%= f.text_field :firstName %>
  app/views/front_pages/index.html.erb:9:in `_app_views_front_pages_index_html_erb___561997941_87454500'


  Rendered /home/saasbook/.rvm/gems/ruby-2.0.0-p247/gems/actionpack-4.1.3/lib/action_dispatch/middleware/templates/rescues/_trace.html.erb (59.8ms)
  Rendered /home/saasbook/.rvm/gems/ruby-2.0.0-p247/gems/actionpack-4.1.3/lib/action_dispatch/middleware/templates/rescues/_request_and_response.html.erb (1.8ms)
  Rendered /home/saasbook/.rvm/gems/ruby-2.0.0-p247/gems/actionpack-4.1.3/lib/action_dispatch/middleware/templates/rescues/template_error.html.erb within rescues/layout (85.8ms)


Started GET "/" for 127.0.0.1 at 2014-08-23 13:59:01 -0700
Processing by FrontPagesController#index as HTML
  Rendered front_pages/index.html.erb within layouts/application (11.9ms)
Completed 500 Internal Server Error in 27ms

ActionView::Template::Error (First argument in form cannot contain nil or be empty):
     6: <h2>Subscribe us</h2>
     7: <div>
     8:   <div>
     9:     <%= form_for(@user) do |f| %>
    10: 
    11:       <%= f.label :firstName %>
    12:       <%= f.text_field :firstName %>
  app/views/front_pages/index.html.erb:9:in `_app_views_front_pages_index_html_erb___561997941_78118890'


  Rendered /home/saasbook/.rvm/gems/ruby-2.0.0-p247/gems/actionpack-4.1.3/lib/action_dispatch/middleware/templates/rescues/_trace.html.erb (2.3ms)
  Rendered /home/saasbook/.rvm/gems/ruby-2.0.0-p247/gems/actionpack-4.1.3/lib/action_dispatch/middleware/templates/rescues/_request_and_response.html.erb (1.7ms)
  Rendered /home/saasbook/.rvm/gems/ruby-2.0.0-p247/gems/actionpack-4.1.3/lib/action_dispatch/middleware/templates/rescues/template_error.html.erb within rescues/layout (44.2ms)
  [1m[36mActiveRecord::SchemaMigration Load (0.3ms)[0m  [1mSELECT "schema_migrations".* FROM "schema_migrations"[0m
  [1m[35mActiveRecord::SchemaMigration Load (0.3ms)[0m  SELECT "schema_migrations".* FROM "schema_migrations"
  [1m[36m (0.2ms)[0m  [1m            SELECT sql
            FROM sqlite_master
            WHERE name='index_users_on_remember_token' AND type='index'
            UNION ALL
            SELECT sql
            FROM sqlite_temp_master
            WHERE name='index_users_on_remember_token' AND type='index'
[0m
